[0.771s] Invoking command in '/home/turtlebot/ethan_RRT_ws/clf-cbf-robot/ros2_ws/src/rrt_cbf_planner': PYTHONPATH=/home/turtlebot/ethan_RRT_ws/clf-cbf-robot/ros2_ws/build/rrt_cbf_planner/prefix_override:/usr/lib/python3/dist-packages/colcon_core/task/python/colcon_distutils_commands:/home/turtlebot/ethan_RRT_ws/clf-cbf-robot/ros2_ws/install/rrt_cbf_planner/lib/python3.10/site-packages:${PYTHONPATH} /usr/bin/python3 -W ignore:setup.py install is deprecated -W ignore:easy_install command is deprecated setup.py egg_info --egg-base ../../build/rrt_cbf_planner build --build-base /home/turtlebot/ethan_RRT_ws/clf-cbf-robot/ros2_ws/build/rrt_cbf_planner/build install --record /home/turtlebot/ethan_RRT_ws/clf-cbf-robot/ros2_ws/build/rrt_cbf_planner/install.log --single-version-externally-managed install_data
[1.083s] running egg_info
[1.084s] creating ../../build/rrt_cbf_planner/rrt_cbf_planner.egg-info
[1.084s] writing ../../build/rrt_cbf_planner/rrt_cbf_planner.egg-info/PKG-INFO
[1.084s] writing dependency_links to ../../build/rrt_cbf_planner/rrt_cbf_planner.egg-info/dependency_links.txt
[1.084s] writing entry points to ../../build/rrt_cbf_planner/rrt_cbf_planner.egg-info/entry_points.txt
[1.084s] writing requirements to ../../build/rrt_cbf_planner/rrt_cbf_planner.egg-info/requires.txt
[1.084s] writing top-level names to ../../build/rrt_cbf_planner/rrt_cbf_planner.egg-info/top_level.txt
[1.084s] writing manifest file '../../build/rrt_cbf_planner/rrt_cbf_planner.egg-info/SOURCES.txt'
[1.086s] reading manifest file '../../build/rrt_cbf_planner/rrt_cbf_planner.egg-info/SOURCES.txt'
[1.086s] writing manifest file '../../build/rrt_cbf_planner/rrt_cbf_planner.egg-info/SOURCES.txt'
[1.087s] running build
[1.087s] running build_py
[1.087s] creating /home/turtlebot/ethan_RRT_ws/clf-cbf-robot/ros2_ws/build/rrt_cbf_planner/build
[1.087s] creating /home/turtlebot/ethan_RRT_ws/clf-cbf-robot/ros2_ws/build/rrt_cbf_planner/build/lib
[1.087s] creating /home/turtlebot/ethan_RRT_ws/clf-cbf-robot/ros2_ws/build/rrt_cbf_planner/build/lib/rrt_cbf_planner
[1.087s] copying rrt_cbf_planner/__init__.py -> /home/turtlebot/ethan_RRT_ws/clf-cbf-robot/ros2_ws/build/rrt_cbf_planner/build/lib/rrt_cbf_planner
[1.087s] running install
[1.087s] running install_lib
[1.088s] creating /home/turtlebot/ethan_RRT_ws/clf-cbf-robot/ros2_ws/install/rrt_cbf_planner/lib/python3.10/site-packages/rrt_cbf_planner
[1.088s] copying /home/turtlebot/ethan_RRT_ws/clf-cbf-robot/ros2_ws/build/rrt_cbf_planner/build/lib/rrt_cbf_planner/__init__.py -> /home/turtlebot/ethan_RRT_ws/clf-cbf-robot/ros2_ws/install/rrt_cbf_planner/lib/python3.10/site-packages/rrt_cbf_planner
[1.088s] byte-compiling /home/turtlebot/ethan_RRT_ws/clf-cbf-robot/ros2_ws/install/rrt_cbf_planner/lib/python3.10/site-packages/rrt_cbf_planner/__init__.py to __init__.cpython-310.pyc
[1.089s] running install_data
[1.089s] creating /home/turtlebot/ethan_RRT_ws/clf-cbf-robot/ros2_ws/install/rrt_cbf_planner/share/ament_index
[1.089s] creating /home/turtlebot/ethan_RRT_ws/clf-cbf-robot/ros2_ws/install/rrt_cbf_planner/share/ament_index/resource_index
[1.089s] creating /home/turtlebot/ethan_RRT_ws/clf-cbf-robot/ros2_ws/install/rrt_cbf_planner/share/ament_index/resource_index/packages
[1.089s] copying resource/rrt_cbf_planner -> /home/turtlebot/ethan_RRT_ws/clf-cbf-robot/ros2_ws/install/rrt_cbf_planner/share/ament_index/resource_index/packages
[1.089s] copying package.xml -> /home/turtlebot/ethan_RRT_ws/clf-cbf-robot/ros2_ws/install/rrt_cbf_planner/share/rrt_cbf_planner
[1.089s] running install_egg_info
[1.091s] Copying ../../build/rrt_cbf_planner/rrt_cbf_planner.egg-info to /home/turtlebot/ethan_RRT_ws/clf-cbf-robot/ros2_ws/install/rrt_cbf_planner/lib/python3.10/site-packages/rrt_cbf_planner-0.0.0-py3.10.egg-info
[1.091s] running install_scripts
[1.110s] writing list of installed files to '/home/turtlebot/ethan_RRT_ws/clf-cbf-robot/ros2_ws/build/rrt_cbf_planner/install.log'
[1.132s] Invoked command in '/home/turtlebot/ethan_RRT_ws/clf-cbf-robot/ros2_ws/src/rrt_cbf_planner' returned '0': PYTHONPATH=/home/turtlebot/ethan_RRT_ws/clf-cbf-robot/ros2_ws/build/rrt_cbf_planner/prefix_override:/usr/lib/python3/dist-packages/colcon_core/task/python/colcon_distutils_commands:/home/turtlebot/ethan_RRT_ws/clf-cbf-robot/ros2_ws/install/rrt_cbf_planner/lib/python3.10/site-packages:${PYTHONPATH} /usr/bin/python3 -W ignore:setup.py install is deprecated -W ignore:easy_install command is deprecated setup.py egg_info --egg-base ../../build/rrt_cbf_planner build --build-base /home/turtlebot/ethan_RRT_ws/clf-cbf-robot/ros2_ws/build/rrt_cbf_planner/build install --record /home/turtlebot/ethan_RRT_ws/clf-cbf-robot/ros2_ws/build/rrt_cbf_planner/install.log --single-version-externally-managed install_data
