[0.790s] Invoking command in '/home/turtlebot/ethan_RRT_ws/clf-cbf-robot/ros2_ws/src/rrt_cbf_planner': PYTHONPATH=/home/turtlebot/ethan_RRT_ws/clf-cbf-robot/ros2_ws/build/rrt_cbf_planner/prefix_override:/usr/lib/python3/dist-packages/colcon_core/task/python/colcon_distutils_commands:/home/turtlebot/ethan_RRT_ws/clf-cbf-robot/ros2_ws/install/rrt_cbf_planner/lib/python3.10/site-packages:${PYTHONPATH} /usr/bin/python3 -W ignore:setup.py install is deprecated -W ignore:easy_install command is deprecated setup.py egg_info --egg-base ../../build/rrt_cbf_planner build --build-base /home/turtlebot/ethan_RRT_ws/clf-cbf-robot/ros2_ws/build/rrt_cbf_planner/build install --record /home/turtlebot/ethan_RRT_ws/clf-cbf-robot/ros2_ws/build/rrt_cbf_planner/install.log --single-version-externally-managed install_data
[1.105s] running egg_info
[1.106s] writing ../../build/rrt_cbf_planner/rrt_cbf_planner.egg-info/PKG-INFO
[1.106s] writing dependency_links to ../../build/rrt_cbf_planner/rrt_cbf_planner.egg-info/dependency_links.txt
[1.106s] writing entry points to ../../build/rrt_cbf_planner/rrt_cbf_planner.egg-info/entry_points.txt
[1.107s] writing requirements to ../../build/rrt_cbf_planner/rrt_cbf_planner.egg-info/requires.txt
[1.107s] writing top-level names to ../../build/rrt_cbf_planner/rrt_cbf_planner.egg-info/top_level.txt
[1.108s] reading manifest file '../../build/rrt_cbf_planner/rrt_cbf_planner.egg-info/SOURCES.txt'
[1.109s] writing manifest file '../../build/rrt_cbf_planner/rrt_cbf_planner.egg-info/SOURCES.txt'
[1.109s] running build
[1.109s] running build_py
[1.109s] copying rrt_cbf_planner/rrt_node.py -> /home/turtlebot/ethan_RRT_ws/clf-cbf-robot/ros2_ws/build/rrt_cbf_planner/build/lib/rrt_cbf_planner
[1.109s] running install
[1.109s] running install_lib
[1.110s] copying /home/turtlebot/ethan_RRT_ws/clf-cbf-robot/ros2_ws/build/rrt_cbf_planner/build/lib/rrt_cbf_planner/rrt_node.py -> /home/turtlebot/ethan_RRT_ws/clf-cbf-robot/ros2_ws/install/rrt_cbf_planner/lib/python3.10/site-packages/rrt_cbf_planner
[1.111s] byte-compiling /home/turtlebot/ethan_RRT_ws/clf-cbf-robot/ros2_ws/install/rrt_cbf_planner/lib/python3.10/site-packages/rrt_cbf_planner/rrt_node.py to rrt_node.cpython-310.pyc
[1.112s] running install_data
[1.112s] running install_egg_info
[1.113s] removing '/home/turtlebot/ethan_RRT_ws/clf-cbf-robot/ros2_ws/install/rrt_cbf_planner/lib/python3.10/site-packages/rrt_cbf_planner-0.0.0-py3.10.egg-info' (and everything under it)
[1.114s] Copying ../../build/rrt_cbf_planner/rrt_cbf_planner.egg-info to /home/turtlebot/ethan_RRT_ws/clf-cbf-robot/ros2_ws/install/rrt_cbf_planner/lib/python3.10/site-packages/rrt_cbf_planner-0.0.0-py3.10.egg-info
[1.115s] running install_scripts
[1.133s] Installing rrt_node script to /home/turtlebot/ethan_RRT_ws/clf-cbf-robot/ros2_ws/install/rrt_cbf_planner/lib/rrt_cbf_planner
[1.133s] writing list of installed files to '/home/turtlebot/ethan_RRT_ws/clf-cbf-robot/ros2_ws/build/rrt_cbf_planner/install.log'
[1.155s] Invoked command in '/home/turtlebot/ethan_RRT_ws/clf-cbf-robot/ros2_ws/src/rrt_cbf_planner' returned '0': PYTHONPATH=/home/turtlebot/ethan_RRT_ws/clf-cbf-robot/ros2_ws/build/rrt_cbf_planner/prefix_override:/usr/lib/python3/dist-packages/colcon_core/task/python/colcon_distutils_commands:/home/turtlebot/ethan_RRT_ws/clf-cbf-robot/ros2_ws/install/rrt_cbf_planner/lib/python3.10/site-packages:${PYTHONPATH} /usr/bin/python3 -W ignore:setup.py install is deprecated -W ignore:easy_install command is deprecated setup.py egg_info --egg-base ../../build/rrt_cbf_planner build --build-base /home/turtlebot/ethan_RRT_ws/clf-cbf-robot/ros2_ws/build/rrt_cbf_planner/build install --record /home/turtlebot/ethan_RRT_ws/clf-cbf-robot/ros2_ws/build/rrt_cbf_planner/install.log --single-version-externally-managed install_data
